# JRE version: OpenJDK Runtime Environment Temurin-23+37 (23.0+37) (build 23+37)
# Java VM: OpenJDK 64-Bit Server VM Temurin-23+37 (23+37, mixed mode, sharing, tiered, compressed oops, compressed class ptrs, g1 gc, bsd-amd64)
Heap:
 garbage-first heap   total reserved 4194304K, committed 264192K, used 166265K [0x0000000700000000, 0x0000000800000000)
  region size 2048K, 58 young (118784K), 2 survivors (4096K)
 Metaspace       used 12964K, committed 13504K, reserved 1114112K
  class space    used 1487K, committed 1728K, reserved 1048576K
GC Heap History (20 events):
Event: 123.748 GC heap before
{Heap before GC invocations=7 (full 0):
 garbage-first heap   total reserved 4194304K, committed 264192K, used 190076K [0x0000000700000000, 0x0000000800000000)
  region size 2048K, 69 young (141312K), 2 survivors (4096K)
 Metaspace       used 12957K, committed 13504K, reserved 1114112K
  class space    used 1487K, committed 1728K, reserved 1048576K
}
Event: 123.750 GC heap after
{Heap after GC invocations=8 (full 0):
 garbage-first heap   total reserved 4194304K, committed 264192K, used 52711K [0x0000000700000000, 0x0000000800000000)
  region size 2048K, 2 young (4096K), 2 survivors (4096K)
 Metaspace       used 12957K, committed 13504K, reserved 1114112K
  class space    used 1487K, committed 1728K, reserved 1048576K
}
Event: 152.132 GC heap before
{Heap before GC invocations=8 (full 0):
 garbage-first heap   total reserved 4194304K, committed 264192K, used 198119K [0x0000000700000000, 0x0000000800000000)
  region size 2048K, 73 young (149504K), 2 survivors (4096K)
 Metaspace       used 12957K, committed 13504K, reserved 1114112K
  class space    used 1487K, committed 1728K, reserved 1048576K
}
Event: 152.134 GC heap after
{Heap after GC invocations=9 (full 0):
 garbage-first heap   total reserved 4194304K, committed 264192K, used 53086K [0x0000000700000000, 0x0000000800000000)
  region size 2048K, 2 young (4096K), 2 survivors (4096K)
 Metaspace       used 12957K, committed 13504K, reserved 1114112K
  class space    used 1487K, committed 1728K, reserved 1048576K
}
Event: 181.715 GC heap before
{Heap before GC invocations=9 (full 0):
 garbage-first heap   total reserved 4194304K, committed 264192K, used 204638K [0x0000000700000000, 0x0000000800000000)
  region size 2048K, 76 young (155648K), 2 survivors (4096K)
 Metaspace       used 12957K, committed 13504K, reserved 1114112K
  class space    used 1487K, committed 1728K, reserved 1048576K
}
Event: 181.717 GC heap after
{Heap after GC invocations=10 (full 0):
 garbage-first heap   total reserved 4194304K, committed 264192K, used 52884K [0x0000000700000000, 0x0000000800000000)
  region size 2048K, 2 young (4096K), 2 survivors (4096K)
 Metaspace       used 12957K, committed 13504K, reserved 1114112K
  class space    used 1487K, committed 1728K, reserved 1048576K
}
Event: 211.315 GC heap before
{Heap before GC invocations=10 (full 0):
 garbage-first heap   total reserved 4194304K, committed 264192K, used 204436K [0x0000000700000000, 0x0000000800000000)
  region size 2048K, 76 young (155648K), 2 survivors (4096K)
 Metaspace       used 12957K, committed 13504K, reserved 1114112K
  class space    used 1487K, committed 1728K, reserved 1048576K
}
Event: 211.317 GC heap after
{Heap after GC invocations=11 (full 0):
 garbage-first heap   total reserved 4194304K, committed 264192K, used 52725K [0x0000000700000000, 0x0000000800000000)
  region size 2048K, 2 young (4096K), 2 survivors (4096K)
 Metaspace       used 12957K, committed 13504K, reserved 1114112K
  class space    used 1487K, committed 1728K, reserved 1048576K
}
Event: 240.898 GC heap before
{Heap before GC invocations=11 (full 0):
 garbage-first heap   total reserved 4194304K, committed 264192K, used 204277K [0x0000000700000000, 0x0000000800000000)
  region size 2048K, 76 young (155648K), 2 survivors (4096K)
 Metaspace       used 12963K, committed 13504K, reserved 1114112K
  class space    used 1487K, committed 1728K, reserved 1048576K
}
Event: 240.900 GC heap after
{Heap after GC invocations=12 (full 0):
 garbage-first heap   total reserved 4194304K, committed 264192K, used 52589K [0x0000000700000000, 0x0000000800000000)
  region size 2048K, 2 young (4096K), 2 survivors (4096K)
 Metaspace       used 12963K, committed 13504K, reserved 1114112K
  class space    used 1487K, committed 1728K, reserved 1048576K
}
Event: 270.502 GC heap before
{Heap before GC invocations=12 (full 0):
 garbage-first heap   total reserved 4194304K, committed 264192K, used 204141K [0x0000000700000000, 0x0000000800000000)
  region size 2048K, 76 young (155648K), 2 survivors (4096K)
 Metaspace       used 12963K, committed 13504K, reserved 1114112K
  class space    used 1487K, committed 1728K, reserved 1048576K
}
Event: 270.504 GC heap after
{Heap after GC invocations=13 (full 0):
 garbage-first heap   total reserved 4194304K, committed 264192K, used 52797K [0x0000000700000000, 0x0000000800000000)
  region size 2048K, 2 young (4096K), 2 survivors (4096K)
 Metaspace       used 12963K, committed 13504K, reserved 1114112K
  class space    used 1487K, committed 1728K, reserved 1048576K
}
Event: 300.087 GC heap before
{Heap before GC invocations=13 (full 0):
 garbage-first heap   total reserved 4194304K, committed 264192K, used 204349K [0x0000000700000000, 0x0000000800000000)
  region size 2048K, 76 young (155648K), 2 survivors (4096K)
 Metaspace       used 12964K, committed 13504K, reserved 1114112K
  class space    used 1487K, committed 1728K, reserved 1048576K
}
Event: 300.089 GC heap after
{Heap after GC invocations=14 (full 0):
 garbage-first heap   total reserved 4194304K, committed 264192K, used 52574K [0x0000000700000000, 0x0000000800000000)
  region size 2048K, 2 young (4096K), 2 survivors (4096K)
 Metaspace       used 12964K, committed 13504K, reserved 1114112K
  class space    used 1487K, committed 1728K, reserved 1048576K
}
Event: 329.687 GC heap before
{Heap before GC invocations=14 (full 0):
 garbage-first heap   total reserved 4194304K, committed 264192K, used 204126K [0x0000000700000000, 0x0000000800000000)
  region size 2048K, 76 young (155648K), 2 survivors (4096K)
 Metaspace       used 12964K, committed 13504K, reserved 1114112K
  class space    used 1487K, committed 1728K, reserved 1048576K
}
Event: 329.688 GC heap after
{Heap after GC invocations=15 (full 0):
 garbage-first heap   total reserved 4194304K, committed 264192K, used 53260K [0x0000000700000000, 0x0000000800000000)
  region size 2048K, 2 young (4096K), 2 survivors (4096K)
 Metaspace       used 12964K, committed 13504K, reserved 1114112K
  class space    used 1487K, committed 1728K, reserved 1048576K
}
Event: 359.287 GC heap before
{Heap before GC invocations=15 (full 0):
 garbage-first heap   total reserved 4194304K, committed 264192K, used 204812K [0x0000000700000000, 0x0000000800000000)
  region size 2048K, 76 young (155648K), 2 survivors (4096K)
 Metaspace       used 12964K, committed 13504K, reserved 1114112K
  class space    used 1487K, committed 1728K, reserved 1048576K
}
Event: 359.289 GC heap after
{Heap after GC invocations=16 (full 0):
 garbage-first heap   total reserved 4194304K, committed 264192K, used 52856K [0x0000000700000000, 0x0000000800000000)
  region size 2048K, 2 young (4096K), 2 survivors (4096K)
 Metaspace       used 12964K, committed 13504K, reserved 1114112K
  class space    used 1487K, committed 1728K, reserved 1048576K
}
Event: 388.870 GC heap before
{Heap before GC invocations=16 (full 0):
 garbage-first heap   total reserved 4194304K, committed 264192K, used 204408K [0x0000000700000000, 0x0000000800000000)
  region size 2048K, 76 young (155648K), 2 survivors (4096K)
 Metaspace       used 12964K, committed 13504K, reserved 1114112K
  class space    used 1487K, committed 1728K, reserved 1048576K
}
Event: 388.872 GC heap after
{Heap after GC invocations=17 (full 0):
 garbage-first heap   total reserved 4194304K, committed 264192K, used 52601K [0x0000000700000000, 0x0000000800000000)
  region size 2048K, 2 young (4096K), 2 survivors (4096K)
 Metaspace       used 12964K, committed 13504K, reserved 1114112K
  class space    used 1487K, committed 1728K, reserved 1048576K
}

